<?xml version="1.0" encoding="UTF-8"?>
<!-- Generated by org.testng.reporters.JUnitReportReporter -->
<testsuite hostname="NotebookHP" failures="0" tests="1" name="test.ProgramaTest" time="0.011" errors="0" timestamp="2020-10-15T19:32:10 ART" skipped="0">
  <testcase classname="test.ProgramaTest" name="getCantTareasEntre" time="0.011"/>
  <system-out/>
</testsuite> <!-- test.ProgramaTest -->
