<?xml version="1.0" encoding="UTF-8"?>
<!-- Generated by org.testng.reporters.JUnitReportReporter -->
<testsuite hostname="NotebookHP" failures="0" tests="2" name="test.ProgramaTest" time="0.015" errors="0" timestamp="2020-10-15T22:24:07 ART" skipped="0">
  <testcase classname="test.ProgramaTest" name="addMuchasProgramaciones" time="0.002"/>
  <system-out/>
  <testcase classname="test.ProgramaTest" name="getCantOcurrencias" time="0.013"/>
  <system-out/>
</testsuite> <!-- test.ProgramaTest -->
